<?xml version="1.0" encoding="UTF-8"?>
<testng-results ignored="0" total="2" passed="2" failed="0" skipped="0">
  <reporter-output>
  </reporter-output>
  <suite started-at="2023-10-07T22:49:12 IST" name="Default suite" finished-at="2023-10-07T22:49:15 IST" duration-ms="2328">
    <groups>
    </groups>
    <test started-at="2023-10-07T22:49:12 IST" name="Default test" finished-at="2023-10-07T22:49:15 IST" duration-ms="2328">
      <class name="Day5.Parsing_XML_Response_Data">
        <test-method signature="testXMLResponse()[pri:1, instance:Day5.Parsing_XML_Response_Data@1de5f259]" started-at="2023-10-07T22:49:12 IST" name="testXMLResponse" finished-at="2023-10-07T22:49:14 IST" duration-ms="2035" status="PASS">
          <reporter-output>
          </reporter-output>
        </test-method> <!-- testXMLResponse -->
        <test-method signature="testXMLBody()[pri:2, instance:Day5.Parsing_XML_Response_Data@1de5f259]" started-at="2023-10-07T22:49:14 IST" name="testXMLBody" finished-at="2023-10-07T22:49:15 IST" duration-ms="236" status="PASS">
          <reporter-output>
          </reporter-output>
        </test-method> <!-- testXMLBody -->
      </class> <!-- Day5.Parsing_XML_Response_Data -->
    </test> <!-- Default test -->
  </suite> <!-- Default suite -->
</testng-results>
